[2014-12-05 15:01:07] START
[2014-12-06 16:01:04] EDIT experiment/models/db.py: 0
[2014-12-06 16:06:06] EDIT experiment/models/db.py: 17
[2014-12-06 16:09:02] EDIT experiment/models/db.py: 0
[2014-12-06 16:10:11] EDIT experiment/models/db.py: 0
[2014-12-06 16:12:28] EDIT experiment/models/db.py: 1
[2014-12-06 16:12:34] EDIT experiment/models/db.py: 0
[2014-12-06 16:13:39] EDIT experiment/models/db.py: 1
[2014-12-06 16:15:07] EDIT experiment/models/db.py: 1
[2014-12-06 16:23:54] EDIT experiment/models/db.py: 0
[2014-12-06 16:24:00] EDIT experiment/models/db.py: 0
[2014-12-06 16:24:08] EDIT experiment/models/db.py: 0
[2014-12-06 16:24:12] EDIT experiment/models/db.py: 0
[2014-12-06 16:24:18] EDIT experiment/models/db.py: 0
[2014-12-06 16:24:26] EDIT experiment/models/db.py: 0
[2014-12-06 16:27:22] EDIT experiment/models/db.py: 1
[2014-12-06 16:29:17] EDIT experiment/models/db.py: 5
[2014-12-06 16:33:47] EDIT experiment/models/db.py: 0
[2014-12-06 16:34:42] EDIT experiment/models/db.py: 0
[2014-12-06 16:38:13] EDIT experiment/models/db.py: 0
[2014-12-06 16:39:28] EDIT experiment/models/db.py: 0
[2014-12-06 16:39:49] EDIT experiment/models/db.py: 0
[2014-12-06 16:39:57] EDIT experiment/models/db.py: 0
[2014-12-06 16:41:19] EDIT experiment/models/db.py: 0
[2014-12-06 16:41:45] EDIT experiment/models/db.py: 0
[2014-12-06 16:42:56] EDIT experiment/models/db.py: 0
[2014-12-06 16:44:45] EDIT experiment/models/db.py: 0
[2014-12-06 16:45:19] EDIT experiment/models/db.py: -1
[2014-12-06 16:45:31] EDIT experiment/models/db.py: 0
[2014-12-06 16:46:01] EDIT experiment/models/db.py: 0
[2014-12-06 16:46:24] EDIT experiment/models/db.py: 0
[2014-12-06 16:46:41] EDIT experiment/models/db.py: 0
[2014-12-06 16:47:18] EDIT experiment/models/db.py: 0
[2014-12-06 18:48:52] EDIT experiment/controllers/test_controller.py: 5
[2014-12-06 18:50:44] EDIT experiment/controllers/test_controller.py: 4
[2014-12-06 18:51:40] EDIT experiment/controllers/test_controller.py: -1
[2014-12-06 18:52:01] EDIT experiment/controllers/test_controller.py: 0
[2014-12-06 18:54:32] EDIT experiment/controllers/test_controller.py: 1
[2014-12-06 18:57:23] EDIT experiment/controllers/test_controller.py: 0
[2014-12-06 18:58:07] EDIT experiment/controllers/test_controller.py: 0
[2014-12-06 18:58:23] EDIT experiment/controllers/test_controller.py: 0
[2014-12-06 19:04:38] EDIT experiment/controllers/test_controller.py: 1
[2014-12-06 19:04:42] EDIT experiment/controllers/test_controller.py: 0
[2014-12-06 19:10:39] EDIT experiment/controllers/test_controller.py: 0
[2014-12-06 19:12:42] EDIT experiment/controllers/test_controller.py: 0
[2014-12-06 19:13:15] EDIT experiment/controllers/test_controller.py: 0
[2014-12-06 19:15:16] EDIT experiment/controllers/test_controller.py: 0
[2014-12-06 19:22:24] EDIT experiment/models/db.py: 1
[2014-12-06 19:23:06] EDIT experiment/models/db.py: 0
[2014-12-06 19:23:56] EDIT experiment/models/db.py: 0
[2014-12-06 19:23:57] EDIT experiment/models/db.py: 0
[2014-12-06 19:24:40] EDIT experiment/models/db.py: 0
[2014-12-06 19:24:46] EDIT experiment/models/db.py: 0
[2014-12-06 19:27:11] EDIT experiment/models/db.py: 0
[2014-12-06 19:29:28] EDIT experiment/models/db.py: 1
[2014-12-06 19:30:38] EDIT experiment/models/db.py: 0
[2014-12-06 19:32:17] EDIT experiment/models/db.py: 0
[2014-12-06 19:33:23] EDIT experiment/models/db.py: -1
[2014-12-06 19:33:29] EDIT experiment/models/db.py: 0
[2014-12-06 19:34:09] EDIT experiment/models/db.py: 0
[2014-12-06 19:34:49] EDIT experiment/models/db.py: 0
[2014-12-06 19:35:58] EDIT experiment/models/db.py: 0
[2014-12-06 19:36:52] EDIT experiment/models/db.py: 0
[2014-12-06 19:37:05] EDIT experiment/models/db.py: 0
[2014-12-06 19:37:25] EDIT experiment/models/db.py: 0
[2014-12-06 20:04:20] EDIT experiment/controllers/test_controller.py: 0
[2014-12-06 20:05:24] EDIT experiment/controllers/test_controller.py: 0
