timestamp: 2014-10-23T18:29:33.630861
CREATE TABLE auth_user(
    id INTEGER PRIMARY KEY AUTOINCREMENT,
    first_name CHAR(128),
    last_name CHAR(128),
    email CHAR(512),
    username CHAR(128),
    password CHAR(512),
    registration_key CHAR(512),
    reset_password_key CHAR(512),
    registration_id CHAR(512),
    phone_number CHAR(512)
);
success!
timestamp: 2014-10-23T18:29:33.650153
CREATE TABLE auth_group(
    id INTEGER PRIMARY KEY AUTOINCREMENT,
    role CHAR(512),
    description TEXT
);
success!
timestamp: 2014-10-23T18:29:33.665500
CREATE TABLE auth_membership(
    id INTEGER PRIMARY KEY AUTOINCREMENT,
    user_id INTEGER REFERENCES auth_user (id) ON DELETE CASCADE,
    group_id INTEGER REFERENCES auth_group (id) ON DELETE CASCADE
);
success!
timestamp: 2014-10-23T18:29:33.683255
CREATE TABLE auth_permission(
    id INTEGER PRIMARY KEY AUTOINCREMENT,
    group_id INTEGER REFERENCES auth_group (id) ON DELETE CASCADE,
    name CHAR(512),
    table_name CHAR(512),
    record_id INTEGER
);
success!
timestamp: 2014-10-23T18:29:33.703294
CREATE TABLE auth_event(
    id INTEGER PRIMARY KEY AUTOINCREMENT,
    time_stamp TIMESTAMP,
    client_ip CHAR(512),
    user_id INTEGER REFERENCES auth_user (id) ON DELETE CASCADE,
    origin CHAR(512),
    description TEXT
);
success!
timestamp: 2014-10-23T18:29:33.720122
CREATE TABLE auth_cas(
    id INTEGER PRIMARY KEY AUTOINCREMENT,
    user_id INTEGER REFERENCES auth_user (id) ON DELETE CASCADE,
    created_on TIMESTAMP,
    service CHAR(512),
    ticket CHAR(512),
    renew CHAR(1)
);
success!
timestamp: 2014-10-24T10:04:58.633823
ALTER TABLE auth_user ADD modified_by INTEGER REFERENCES auth_user (id) ON DELETE CASCADE;
faked!
timestamp: 2014-10-24T10:04:58.639258
ALTER TABLE auth_user ADD is_active CHAR(1);
faked!
timestamp: 2014-10-24T10:04:58.641754
ALTER TABLE auth_user ADD created_by INTEGER REFERENCES auth_user (id) ON DELETE CASCADE;
faked!
timestamp: 2014-10-24T10:04:58.653627
ALTER TABLE auth_user ADD created_on TIMESTAMP;
faked!
timestamp: 2014-10-24T10:04:58.655298
ALTER TABLE auth_user ADD modified_on TIMESTAMP;
faked!
success!
timestamp: 2014-10-24T10:04:58.736046
ALTER TABLE auth_group ADD modified_by INTEGER REFERENCES auth_user (id) ON DELETE CASCADE;
faked!
timestamp: 2014-10-24T10:04:58.743753
ALTER TABLE auth_group ADD is_active CHAR(1);
faked!
timestamp: 2014-10-24T10:04:58.745407
ALTER TABLE auth_group ADD created_by INTEGER REFERENCES auth_user (id) ON DELETE CASCADE;
faked!
timestamp: 2014-10-24T10:04:58.746952
ALTER TABLE auth_group ADD created_on TIMESTAMP;
faked!
timestamp: 2014-10-24T10:04:58.755784
ALTER TABLE auth_group ADD modified_on TIMESTAMP;
faked!
success!
timestamp: 2014-10-24T10:04:58.839873
ALTER TABLE auth_membership ADD is_active CHAR(1);
faked!
timestamp: 2014-10-24T10:04:58.841821
ALTER TABLE auth_membership ADD created_by INTEGER REFERENCES auth_user (id) ON DELETE CASCADE;
faked!
timestamp: 2014-10-24T10:04:58.851770
ALTER TABLE auth_membership ADD created_on TIMESTAMP;
faked!
timestamp: 2014-10-24T10:04:58.853698
ALTER TABLE auth_membership ADD modified_on TIMESTAMP;
faked!
timestamp: 2014-10-24T10:04:58.859758
ALTER TABLE auth_membership ADD modified_by INTEGER REFERENCES auth_user (id) ON DELETE CASCADE;
faked!
success!
timestamp: 2014-10-24T10:04:58.935589
ALTER TABLE auth_permission ADD modified_by INTEGER REFERENCES auth_user (id) ON DELETE CASCADE;
faked!
timestamp: 2014-10-24T10:04:58.937944
ALTER TABLE auth_permission ADD is_active CHAR(1);
faked!
timestamp: 2014-10-24T10:04:58.941493
ALTER TABLE auth_permission ADD created_by INTEGER REFERENCES auth_user (id) ON DELETE CASCADE;
faked!
timestamp: 2014-10-24T10:04:58.943963
ALTER TABLE auth_permission ADD created_on TIMESTAMP;
faked!
timestamp: 2014-10-24T10:04:58.946184
ALTER TABLE auth_permission ADD modified_on TIMESTAMP;
faked!
success!
success!
success!
success!
success!
success!
success!
success!
success!
success!
success!
success!
success!
success!
success!
success!
success!
success!
success!
success!
success!
success!
success!
success!
success!
success!
success!
success!
success!
success!
success!
success!
success!
success!
success!
success!
success!
success!
success!
success!
success!
success!
success!
success!
success!
success!
success!
success!
success!
success!
success!
success!
success!
success!
success!
success!
success!
success!
success!
success!
success!
success!
success!
success!
success!
success!
success!
success!
success!
success!
success!
success!
success!
success!
success!
success!
success!
success!
success!
success!
success!
success!
success!
success!
success!
success!
success!
success!
success!
success!
success!
success!
success!
success!
success!
success!
success!
success!
success!
success!
success!
success!
success!
success!
success!
success!
success!
success!
success!
success!
success!
success!
success!
success!
success!
success!
success!
success!
success!
success!
success!
success!
success!
success!
success!
success!
success!
success!
success!
success!
success!
success!
success!
success!
success!
success!
success!
success!
success!
success!
success!
success!
success!
success!
success!
success!
success!
success!
success!
success!
success!
success!
success!
success!
success!
success!
success!
success!
success!
success!
success!
success!
success!
success!
success!
success!
success!
success!
success!
success!
success!
success!
success!
success!
success!
success!
success!
success!
success!
success!
success!
success!
success!
success!
success!
success!
success!
success!
success!
success!
success!
success!
success!
success!
success!
success!
success!
success!
success!
success!
success!
success!
success!
success!
success!
success!
success!
success!
success!
success!
success!
success!
success!
success!
success!
success!
success!
success!
success!
success!
success!
success!
success!
success!
success!
success!
success!
success!
success!
success!
success!
success!
success!
success!
success!
success!
success!
success!
success!
success!
success!
success!
success!
success!
success!
success!
success!
success!
success!
success!
success!
success!
success!
success!
success!
success!
success!
success!
success!
success!
success!
success!
success!
success!
success!
success!
success!
success!
success!
success!
success!
success!
success!
success!
success!
success!
success!
success!
success!
success!
success!
success!
success!
success!
success!
success!
success!
success!
success!
success!
success!
success!
success!
success!
success!
success!
success!
success!
success!
success!
success!
success!
success!
success!
success!
success!
success!
success!
success!
success!
success!
success!
success!
success!
success!
success!
success!
success!
success!
success!
success!
success!
success!
success!
success!
success!
success!
success!
success!
success!
success!
success!
success!
success!
success!
success!
success!
success!
success!
success!
success!
success!
success!
success!
success!
success!
success!
success!
success!
success!
success!
success!
success!
success!
success!
success!
success!
success!
success!
success!
success!
success!
success!
success!
success!
success!
success!
success!
success!
success!
success!
success!
success!
success!
success!
success!
success!
success!
success!
success!
success!
success!
success!
success!
success!
success!
success!
success!
success!
success!
success!
success!
success!
success!
success!
success!
success!
success!
success!
success!
success!
success!
success!
success!
success!
success!
success!
success!
success!
success!
success!
success!
success!
success!
success!
success!
success!
success!
success!
success!
success!
success!
success!
success!
success!
success!
success!
success!
success!
success!
success!
success!
success!
success!
success!
success!
success!
success!
success!
success!
success!
success!
success!
success!
success!
success!
success!
success!
success!
success!
success!
success!
success!
success!
success!
success!
success!
success!
success!
success!
success!
success!
success!
success!
success!
success!
success!
success!
success!
success!
success!
success!
success!
success!
success!
success!
success!
success!
success!
success!
success!
success!
success!
success!
success!
success!
success!
success!
success!
success!
success!
success!
success!
success!
success!
success!
success!
success!
success!
success!
success!
success!
success!
success!
success!
success!
success!
success!
success!
success!
success!
success!
success!
success!
success!
success!
success!
success!
success!
success!
success!
success!
success!
success!
success!
success!
success!
success!
success!
success!
success!
success!
success!
success!
success!
success!
success!
success!
success!
success!
success!
success!
success!
success!
success!
success!
success!
success!
success!
success!
success!
success!
success!
success!
success!
success!
success!
success!
success!
success!
success!
success!
success!
success!
success!
success!
success!
success!
success!
success!
success!
success!
success!
success!
success!
success!
success!
success!
success!
success!
success!
success!
success!
success!
success!
success!
success!
success!
success!
success!
success!
success!
success!
success!
success!
success!
success!
success!
success!
success!
success!
success!
success!
success!
success!
success!
success!
success!
success!
success!
success!
success!
success!
success!
success!
success!
success!
success!
success!
success!
success!
success!
success!
success!
success!
success!
success!
success!
success!
success!
success!
success!
success!
success!
success!
success!
success!
success!
success!
success!
success!
success!
success!
success!
success!
success!
success!
success!
success!
success!
success!
success!
success!
success!
success!
success!
success!
success!
success!
success!
success!
success!
success!
success!
success!
success!
success!
success!
success!
success!
success!
success!
success!
success!
success!
success!
success!
success!
success!
success!
success!
success!
success!
success!
success!
success!
success!
success!
success!
success!
success!
success!
success!
success!
success!
success!
success!
success!
success!
success!
success!
success!
success!
success!
success!
success!
success!
success!
success!
success!
success!
success!
success!
success!
success!
success!
success!
success!
success!
success!
success!
success!
success!
success!
success!
success!
success!
success!
success!
success!
success!
success!
success!
success!
success!
success!
success!
success!
success!
success!
success!
success!
success!
success!
success!
success!
success!
success!
success!
success!
success!
success!
success!
success!
success!
success!
success!
success!
success!
success!
success!
success!
success!
success!
success!
success!
success!
success!
success!
success!
success!
success!
success!
success!
success!
success!
success!
success!
success!
success!
success!
success!
success!
success!
success!
success!
success!
success!
success!
success!
success!
success!
success!
success!
success!
success!
success!
success!
success!
success!
success!
success!
success!
success!
success!
success!
success!
success!
success!
success!
success!
success!
success!
success!
success!
success!
success!
success!
success!
success!
success!
success!
success!
success!
success!
success!
success!
success!
success!
success!
success!
success!
success!
success!
success!
success!
success!
success!
success!
success!
success!
success!
success!
success!
success!
timestamp: 2014-10-26T15:12:48.434234
CREATE TABLE bisineer_catalog(
    id INTEGER PRIMARY KEY AUTOINCREMENT,
    name CHAR(512),
    description CHAR(512)
);
success!
timestamp: 2014-10-26T15:12:48.469465
CREATE TABLE category(
    id INTEGER PRIMARY KEY AUTOINCREMENT,
    name CHAR(512),
    description CHAR(512),
    catalogs TEXT
);
success!
timestamp: 2014-10-26T15:12:48.563200
CREATE TABLE product(
    id INTEGER PRIMARY KEY AUTOINCREMENT,
    categories TEXT,
    name CHAR(512),
    description_short TEXT,
    description_long TEXT,
    unit_price DOUBLE,
    on_sale CHAR(1),
    rating DOUBLE,
    image_urls TEXT,
    in_stock INTEGER,
    tax_rate DOUBLE,
    volume TEXT,
    weight DOUBLE,
    variant_products TEXT
);
success!
success!
success!
success!
success!
success!
success!
success!
success!
success!
success!
success!
success!
success!
success!
success!
success!
success!
success!
success!
success!
timestamp: 2014-10-26T15:13:55.661329
CREATE TABLE bis_catalog(
    id INTEGER PRIMARY KEY AUTOINCREMENT,
    name CHAR(512),
    description CHAR(512)
);
success!
timestamp: 2014-10-26T15:13:55.688439
CREATE TABLE bis_category(
    id INTEGER PRIMARY KEY AUTOINCREMENT,
    name CHAR(512),
    description CHAR(512),
    catalogs TEXT
);
success!
timestamp: 2014-10-26T15:13:55.736153
CREATE TABLE bis_product(
    id INTEGER PRIMARY KEY AUTOINCREMENT,
    categories TEXT,
    name CHAR(512),
    description_short TEXT,
    description_long TEXT,
    unit_price DOUBLE,
    on_sale CHAR(1),
    rating DOUBLE,
    image_urls TEXT,
    in_stock INTEGER,
    tax_rate DOUBLE,
    volume TEXT,
    weight DOUBLE,
    variant_products TEXT
);
success!
success!
success!
success!
success!
success!
success!
success!
success!
success!
success!
success!
success!
success!
success!
success!
success!
success!
success!
success!
success!
success!
success!
success!
success!
success!
success!
success!
success!
success!
success!
success!
success!
success!
success!
success!
success!
success!
success!
success!
success!
success!
success!
success!
success!
success!
success!
success!
success!
timestamp: 2014-10-27T19:58:05.703736
CREATE TABLE bis_products_list(
    id INTEGER PRIMARY KEY AUTOINCREMENT,
    products TEXT
);
success!
success!
success!
success!
success!
success!
success!
success!
success!
success!
success!
success!
success!
success!
success!
success!
success!
success!
success!
success!
success!
success!
success!
success!
success!
success!
success!
success!
success!
success!
success!
success!
success!
success!
success!
success!
success!
success!
success!
success!
success!
success!
success!
success!
success!
timestamp: 2014-10-31T18:10:22.883083
ALTER TABLE bis_product ADD specifications TEXT;
timestamp: 2014-10-31T18:10:22.899665
ALTER TABLE bis_product ADD product_attributes TEXT;
success!
success!
success!
success!
success!
timestamp: 2014-10-31T18:10:51.353530
CREATE TABLE product_features(
    id INTEGER PRIMARY KEY AUTOINCREMENT,
    product INTEGER REFERENCES bis_product (id) ON DELETE CASCADE,
    feature TEXT
);
success!
success!
success!
success!
success!
success!
success!
success!
success!
success!
success!
success!
success!
success!
success!
success!
success!
success!
success!
success!
success!
success!
success!
success!
success!
success!
success!
success!
success!
success!
success!
success!
success!
success!
success!
success!
success!
success!
success!
success!
success!
success!
success!
success!
success!
success!
success!
success!
success!
success!
success!
success!
success!
success!
success!
success!
success!
success!
timestamp: 2014-12-06T19:45:18.143749
ALTER TABLE bis_catalog ADD code CHAR(512);
success!
success!
timestamp: 2014-12-06T19:45:18.238057
CREATE TABLE bis_price_type(
    id INTEGER PRIMARY KEY AUTOINCREMENT,
    name CHAR(512),
    price_description CHAR(512)
);
success!
timestamp: 2014-12-06T19:45:18.259979
CREATE TABLE bis_price(
    id INTEGER PRIMARY KEY AUTOINCREMENT,
    product INTEGER REFERENCES bis_product (id) ON DELETE CASCADE,
    price_type INTEGER REFERENCES bis_price_type (id) ON DELETE CASCADE,
    amount DOUBLE,
    user_group INTEGER REFERENCES auth_group (id) ON DELETE CASCADE,
    code CHAR(512)
);
success!
timestamp: 2014-12-06T19:45:18.303456
CREATE TABLE bis_cart_order(
    id INTEGER PRIMARY KEY AUTOINCREMENT,
    email CHAR(512),
    billing_id CHAR(512),
    shipping_id CHAR(512),
    created_on TIMESTAMP,
    status CHAR(512),
    product_cost DOUBLE,
    total_amount DOUBLE,
    discount DOUBLE,
    tax DOUBLE,
    shipping_cost DOUBLE,
    amount_due DOUBLE,
    amount_paid DOUBLE,
    line_items TEXT
);
success!
timestamp: 2014-12-06T19:45:18.350494
CREATE TABLE bis_line_item(
    id INTEGER PRIMARY KEY AUTOINCREMENT,
    order_id CHAR(512),
    product_id CHAR(512),
    quantity INTEGER,
    total_amount DOUBLE,
    discount DOUBLE,
    tax DOUBLE,
    created_on TIMESTAMP,
    modified_on TIMESTAMP
);
success!
timestamp: 2014-12-06T19:45:18.366604
CREATE TABLE bis_delivery(
    id INTEGER PRIMARY KEY AUTOINCREMENT,
    order_id CHAR(512),
    delivered_ondatetime CHAR(512),
    invoice_id CHAR(512)
);
success!
timestamp: 2014-12-06T19:45:18.386115
CREATE TABLE bis_invoice(
    id INTEGER PRIMARY KEY AUTOINCREMENT,
    invoice_item_id CHAR(512)
);
success!
timestamp: 2014-12-06T19:45:18.399679
CREATE TABLE bis_invoice_item(
    id INTEGER PRIMARY KEY AUTOINCREMENT,
    product_id CHAR(512),
    quantity_id CHAR(512),
    amount CHAR(512)
);
success!
success!
success!
success!
success!
success!
success!
success!
success!
success!
success!
success!
success!
success!
success!
success!
success!
success!
success!
success!
success!
success!
success!
success!
success!
success!
success!
success!
timestamp: 2014-12-06T19:49:32.159141
CREATE TABLE bis_address(
    id INTEGER PRIMARY KEY AUTOINCREMENT,
    name CHAR(512),
    street_address CHAR(512),
    landmark CHAR(512),
    city CHAR(512),
    bis_state CHAR(512),
    country CHAR(512),
    pincode CHAR(512),
    phone_number CHAR(512),
    bis_type CHAR(512),
    user_id CHAR(512),
    user_group_id CHAR(512),
    order_id CHAR(512),
    created_on TIMESTAMP,
    modified_on TIMESTAMP
);
success!
success!
success!
success!
success!
timestamp: 2014-12-06T19:51:07.361876
ALTER TABLE bis_category ADD code CHAR(512);
success!
timestamp: 2014-12-06T19:51:07.425258
ALTER TABLE bis_product ADD code CHAR(512);
success!
timestamp: 2014-12-06T19:51:07.478769
ALTER TABLE bis_price_type ADD code CHAR(512);
success!
success!
success!
success!
success!
success!
success!
success!
success!
success!
success!
success!
success!
success!
success!
success!
success!
success!
success!
success!
success!
success!
success!
success!
success!
success!
success!
success!
success!
success!
success!
success!
success!
success!
success!
success!
success!
success!
success!
success!
success!
success!
success!
success!
success!
success!
success!
success!
success!
success!
success!
success!
success!
success!
success!
success!
success!
success!
success!
success!
success!
timestamp: 2014-12-08T14:59:32.150881
ALTER TABLE auth_user ADD code CHAR(512);
success!
success!
success!
success!
timestamp: 2014-12-08T14:59:32.206078
ALTER TABLE bis_line_item ADD description_short CHAR(512);
timestamp: 2014-12-08T14:59:32.216241
ALTER TABLE bis_line_item ADD name CHAR(512);
success!
success!
success!
success!
success!
success!
success!
success!
success!
success!
success!
success!
success!
success!
success!
success!
success!
success!
success!
success!
success!
success!
success!
success!
success!
success!
DROP TABLE bis_catalog;
success!
success!
success!
success!
success!
timestamp: 2014-12-08T16:10:35.888691
CREATE TABLE bis_catalog(
    id INTEGER PRIMARY KEY AUTOINCREMENT,
    name CHAR(512),
    description CHAR(512),
    code CHAR(512)
);
success!
success!
success!
success!
success!
success!
success!
success!
DROP TABLE bis_category;
success!
success!
success!
success!
success!
timestamp: 2014-12-08T16:14:43.148594
CREATE TABLE bis_category(
    id INTEGER PRIMARY KEY AUTOINCREMENT,
    name CHAR(512),
    description CHAR(512),
    catalogs TEXT,
    code CHAR(512)
);
success!
success!
success!
success!
success!
success!
success!
success!
success!
success!
success!
success!
success!
success!
success!
success!
success!
success!
success!
success!
success!
success!
success!
success!
success!
success!
success!
success!
success!
success!
success!
success!
success!
success!
success!
success!
success!
success!
success!
success!
success!
success!
