[2014-10-23 18:14:07] START
[2014-10-23 18:20:20] CREATE betastore_db.py: 0
[2014-10-23 18:28:23] EDIT betastore/models/db.py: 3
[2014-10-23 18:29:11] EDIT betastore/models/db.py: 0
[2014-10-23 18:29:25] EDIT betastore/models/db.py: 0
[2014-10-23 18:29:27] EDIT betastore/models/db.py: 0
[2014-10-23 18:40:50] CREATE bisineer_user.py: 0
[2014-10-23 18:41:45] EDIT betastore/controllers/bisineer_user.py: 2
[2014-10-23 18:42:06] EDIT betastore/controllers/bisineer_user.py: 2
[2014-10-23 18:47:33] EDIT betastore/controllers/bisineer_user.py: 13
[2014-10-23 18:48:45] EDIT betastore/controllers/bisineer_user.py: 2
[2014-10-23 18:51:24] EDIT betastore/controllers/bisineer_user.py: 4
[2014-10-23 18:55:30] EDIT betastore/controllers/bisineer_user.py: 0
[2014-10-23 19:21:43] EDIT betastore/controllers/bisineer_user.py: 1
[2014-10-23 19:21:49] EDIT betastore/controllers/bisineer_user.py: 1
[2014-10-23 19:22:02] EDIT betastore/controllers/bisineer_user.py: -1
[2014-10-23 19:34:17] EDIT betastore/controllers/bisineer_user.py: 1
[2014-10-23 19:34:26] EDIT betastore/controllers/bisineer_user.py: -4
[2014-10-23 19:35:10] EDIT betastore/controllers/bisineer_user.py: -1
[2014-10-23 19:35:16] EDIT betastore/controllers/bisineer_user.py: 0
[2014-10-23 19:35:45] EDIT betastore/controllers/bisineer_user.py: 1
[2014-10-23 19:35:53] EDIT betastore/controllers/bisineer_user.py: 1
[2014-10-23 19:46:55] EDIT betastore/controllers/bisineer_user.py: 0
[2014-10-23 19:50:19] EDIT betastore/controllers/bisineer_user.py: 1
[2014-10-23 19:50:39] EDIT betastore/controllers/bisineer_user.py: 0
[2014-10-23 19:50:39] EDIT betastore/controllers/bisineer_user.py: 0
[2014-10-23 19:50:39] EDIT betastore/controllers/bisineer_user.py: 0
[2014-10-23 19:54:20] EDIT betastore/controllers/bisineer_user.py: 1
[2014-10-23 19:55:59] EDIT betastore/controllers/bisineer_user.py: 1
[2014-10-23 19:56:22] EDIT betastore/controllers/bisineer_user.py: 0
[2014-10-23 19:57:02] EDIT betastore/controllers/bisineer_user.py: 0
[2014-10-23 19:57:28] EDIT betastore/controllers/bisineer_user.py: 2
[2014-10-23 19:57:56] EDIT betastore/controllers/bisineer_user.py: 0
[2014-10-23 20:00:14] EDIT betastore/controllers/bisineer_user.py: 0
[2014-10-23 20:01:04] EDIT betastore/controllers/bisineer_user.py: 1
[2014-10-23 20:02:15] EDIT betastore/controllers/bisineer_user.py: 1
[2014-10-24 06:40:07] EDIT betastore/controllers/bisineer_user.py: 1
[2014-10-24 06:42:32] EDIT betastore/controllers/bisineer_user.py: 0
[2014-10-24 06:43:47] EDIT betastore/controllers/bisineer_user.py: 0
[2014-10-24 06:44:10] EDIT betastore/controllers/bisineer_user.py: 0
[2014-10-24 06:46:53] EDIT betastore/controllers/bisineer_user.py: 0
[2014-10-24 06:48:59] EDIT betastore/controllers/bisineer_user.py: 0
[2014-10-24 06:49:11] EDIT betastore/controllers/bisineer_user.py: 0
[2014-10-24 06:49:47] EDIT betastore/controllers/bisineer_user.py: 1
[2014-10-24 06:51:25] EDIT betastore/controllers/bisineer_user.py: 0
[2014-10-24 06:51:33] EDIT betastore/controllers/bisineer_user.py: 0
[2014-10-24 06:52:23] EDIT betastore/controllers/bisineer_user.py: 0
[2014-10-24 06:56:05] EDIT betastore/controllers/bisineer_user.py: 0
[2014-10-24 06:58:53] EDIT betastore/controllers/bisineer_user.py: 0
[2014-10-24 06:58:53] EDIT betastore/controllers/bisineer_user.py: 0
[2014-10-24 06:58:53] EDIT betastore/controllers/bisineer_user.py: 0
[2014-10-24 07:01:41] EDIT betastore/controllers/bisineer_user.py: 0
[2014-10-24 07:03:08] EDIT betastore/controllers/bisineer_user.py: 0
[2014-10-24 07:03:46] EDIT betastore/controllers/bisineer_user.py: 0
[2014-10-24 07:04:40] EDIT betastore/controllers/bisineer_user.py: 0
[2014-10-24 07:05:17] EDIT betastore/controllers/bisineer_user.py: 0
[2014-10-24 07:07:32] EDIT betastore/controllers/bisineer_user.py: 1
[2014-10-24 07:15:03] EDIT betastore/controllers/bisineer_user.py: 0
[2014-10-24 07:16:36] EDIT betastore/controllers/bisineer_user.py: 0
[2014-10-24 07:17:06] EDIT betastore/controllers/bisineer_user.py: 0
[2014-10-24 07:17:48] EDIT betastore/controllers/bisineer_user.py: 0
[2014-10-24 07:18:05] EDIT betastore/controllers/bisineer_user.py: 0
[2014-10-24 07:18:53] EDIT betastore/controllers/bisineer_user.py: 0
[2014-10-24 07:19:21] EDIT betastore/controllers/bisineer_user.py: 0
[2014-10-24 07:19:45] EDIT betastore/controllers/bisineer_user.py: 0
[2014-10-24 07:28:25] EDIT betastore/controllers/bisineer_user.py: 1
[2014-10-24 07:31:16] EDIT betastore/controllers/bisineer_user.py: 0
[2014-10-24 07:37:18] EDIT betastore/controllers/bisineer_user.py: 2
[2014-10-24 07:38:55] EDIT betastore/controllers/bisineer_user.py: 2
[2014-10-24 07:40:09] EDIT betastore/controllers/bisineer_user.py: -4
[2014-10-24 07:40:12] EDIT betastore/controllers/bisineer_user.py: 0
[2014-10-24 07:40:26] EDIT betastore/controllers/bisineer_user.py: 0
[2014-10-24 07:40:50] EDIT betastore/controllers/bisineer_user.py: 0
[2014-10-24 07:41:33] EDIT betastore/controllers/bisineer_user.py: 1
[2014-10-24 07:41:37] EDIT betastore/controllers/bisineer_user.py: 0
[2014-10-24 07:41:58] EDIT betastore/controllers/bisineer_user.py: 0
[2014-10-24 07:42:40] EDIT betastore/controllers/bisineer_user.py: 2
[2014-10-24 07:43:35] EDIT betastore/controllers/bisineer_user.py: 0
[2014-10-24 07:43:57] EDIT betastore/controllers/bisineer_user.py: 0
[2014-10-24 07:44:27] EDIT betastore/controllers/bisineer_user.py: 0
[2014-10-24 08:05:27] EDIT betastore/controllers/bisineer_user.py: -9
[2014-10-24 08:10:29] EDIT betastore/controllers/bisineer_user.py: 0
[2014-10-24 08:12:58] EDIT betastore/controllers/bisineer_user.py: 0
[2014-10-24 08:18:35] EDIT betastore/controllers/bisineer_user.py: 0
[2014-10-24 08:30:49] EDIT betastore/controllers/bisineer_user.py: 2
[2014-10-24 09:02:06] EDIT betastore/models/db.py: 1
[2014-10-24 09:08:40] EDIT betastore/models/db.py: 1
[2014-10-24 09:09:43] EDIT betastore/models/db.py: 0
[2014-10-24 09:09:57] EDIT betastore/models/db.py: -1
[2014-10-24 09:15:42] EDIT betastore/models/db.py: 0
[2014-10-24 09:22:22] EDIT betastore/controllers/bisineer_user.py: 0
[2014-10-24 09:25:02] EDIT betastore/controllers/bisineer_user.py: 0
[2014-10-24 09:33:33] EDIT betastore/controllers/bisineer_user.py: 4
[2014-10-24 09:39:45] EDIT betastore/controllers/bisineer_user.py: 9
[2014-10-24 09:49:45] EDIT betastore/controllers/bisineer_user.py: 4
[2014-10-24 09:50:04] EDIT betastore/controllers/bisineer_user.py: 0
[2014-10-24 09:50:19] EDIT betastore/controllers/bisineer_user.py: 0
[2014-10-24 09:51:11] EDIT betastore/controllers/bisineer_user.py: 2
[2014-10-24 10:00:07] EDIT betastore/controllers/bisineer_user.py: 1
[2014-10-24 10:03:25] EDIT betastore/controllers/bisineer_user.py: 2
[2014-10-24 10:04:51] EDIT betastore/controllers/bisineer_user.py: -1
[2014-10-24 10:07:01] EDIT betastore/controllers/bisineer_user.py: 1
[2014-10-24 10:07:43] EDIT betastore/controllers/bisineer_user.py: -1
[2014-10-24 10:08:49] EDIT betastore/controllers/bisineer_user.py: 0
[2014-10-24 10:12:14] EDIT betastore/models/db.py: 0
[2014-10-24 10:13:53] EDIT betastore/controllers/bisineer_user.py: -17
[2014-10-24 10:14:03] EDIT betastore/controllers/bisineer_user.py: -1
[2014-10-24 10:16:03] EDIT betastore/models/db.py: 0
[2014-10-24 10:16:34] EDIT betastore/controllers/bisineer_user.py: 18
[2014-10-24 10:18:48] EDIT betastore/controllers/bisineer_user.py: 1
[2014-10-24 10:19:08] EDIT betastore/controllers/bisineer_user.py: 0
[2014-10-24 10:19:45] EDIT betastore/controllers/bisineer_user.py: 0
[2014-10-24 10:20:06] EDIT betastore/controllers/bisineer_user.py: 0
[2014-10-24 10:20:42] EDIT betastore/controllers/bisineer_user.py: 0
[2014-10-24 10:21:13] EDIT betastore/controllers/bisineer_user.py: 0
[2014-10-24 10:23:18] EDIT betastore/controllers/bisineer_user.py: 1
[2014-10-24 10:26:17] EDIT betastore/controllers/bisineer_user.py: 0
[2014-10-24 10:31:38] EDIT betastore/controllers/bisineer_user.py: 0
[2014-10-24 10:32:09] EDIT betastore/controllers/bisineer_user.py: 1
[2014-10-24 10:33:53] EDIT betastore/controllers/bisineer_user.py: 0
[2014-10-24 10:34:02] EDIT betastore/controllers/bisineer_user.py: 0
[2014-10-24 10:34:43] EDIT betastore/controllers/bisineer_user.py: 0
[2014-10-24 10:34:51] EDIT betastore/controllers/bisineer_user.py: 0
[2014-10-24 10:37:09] EDIT betastore/controllers/bisineer_user.py: 0
[2014-10-24 10:37:19] EDIT betastore/controllers/bisineer_user.py: 0
[2014-10-24 10:37:36] EDIT betastore/controllers/bisineer_user.py: 0
[2014-10-24 10:39:44] EDIT betastore/controllers/bisineer_user.py: 0
[2014-10-24 10:44:31] EDIT betastore/controllers/bisineer_user.py: 2
[2014-10-24 10:45:33] EDIT betastore/controllers/bisineer_user.py: 1
[2014-10-24 10:46:37] EDIT betastore/controllers/bisineer_user.py: 1
[2014-10-24 10:46:59] EDIT betastore/controllers/bisineer_user.py: 0
[2014-10-24 10:48:50] EDIT betastore/controllers/bisineer_user.py: -4
[2014-10-24 11:22:00] EDIT betastore/controllers/bisineer_user.py: -2
[2014-10-24 11:22:18] EDIT betastore/controllers/bisineer_user.py: 0
[2014-10-24 11:24:04] EDIT betastore/controllers/bisineer_user.py: 1
[2014-10-24 11:24:51] EDIT betastore/controllers/bisineer_user.py: 0
[2014-10-24 19:43:22] EDIT betastore/controllers/bisineer_user.py: 0
[2014-10-24 19:53:22] EDIT betastore/controllers/bisineer_user.py: -1
[2014-10-24 19:53:51] EDIT betastore/controllers/bisineer_user.py: 1
[2014-10-24 19:53:56] EDIT betastore/controllers/bisineer_user.py: 0
[2014-10-24 19:56:22] EDIT betastore/controllers/bisineer_user.py: 0
[2014-10-24 19:56:58] EDIT betastore/controllers/bisineer_user.py: 0
[2014-10-24 19:58:39] EDIT betastore/controllers/bisineer_user.py: 1
[2014-10-24 19:59:29] EDIT betastore/controllers/bisineer_user.py: 1
[2014-10-24 20:00:19] EDIT betastore/controllers/bisineer_user.py: 0
[2014-10-24 20:00:37] EDIT betastore/controllers/bisineer_user.py: 0
[2014-10-24 20:00:57] EDIT betastore/controllers/bisineer_user.py: 0
[2014-10-24 20:01:17] EDIT betastore/controllers/bisineer_user.py: 0
[2014-10-24 20:02:02] EDIT betastore/controllers/bisineer_user.py: -1
[2014-10-24 20:02:02] EDIT betastore/controllers/bisineer_user.py: 0
[2014-10-24 20:02:02] EDIT betastore/controllers/bisineer_user.py: 0
[2014-10-24 20:02:22] EDIT betastore/controllers/bisineer_user.py: 1
[2014-10-24 20:02:56] EDIT betastore/controllers/bisineer_user.py: -1
[2014-10-24 20:06:26] EDIT betastore/controllers/bisineer_user.py: 1
[2014-10-24 20:08:49] EDIT betastore/controllers/bisineer_user.py: 0
[2014-10-24 20:09:02] EDIT betastore/controllers/bisineer_user.py: 1
[2014-10-24 20:09:15] EDIT betastore/controllers/bisineer_user.py: 0
[2014-10-24 20:10:37] EDIT betastore/controllers/bisineer_user.py: -2
[2014-10-24 20:18:25] EDIT betastore/controllers/bisineer_user.py: 1
[2014-10-24 20:18:27] EDIT betastore/controllers/bisineer_user.py: 0
[2014-10-24 20:20:59] EDIT betastore/controllers/bisineer_user.py: 0
[2014-10-24 20:29:28] EDIT betastore/controllers/bisineer_user.py: 1
[2014-10-24 20:30:04] EDIT betastore/controllers/bisineer_user.py: 0
[2014-10-24 20:30:49] EDIT betastore/controllers/bisineer_user.py: 0
[2014-10-24 20:34:49] EDIT betastore/controllers/bisineer_user.py: 0
[2014-10-25 04:24:21] EDIT betastore/controllers/bisineer_user.py: 0
[2014-10-25 09:53:48] EDIT betastore/controllers/bisineer_user.py: 0
[2014-10-25 09:56:09] EDIT betastore/controllers/bisineer_user.py: 1
[2014-10-25 10:23:14] EDIT betastore/controllers/bisineer_user.py: 0
[2014-10-25 10:42:23] EDIT betastore/controllers/bisineer_user.py: 0
[2014-10-25 10:42:54] EDIT betastore/controllers/bisineer_user.py: 0
[2014-10-25 10:52:33] EDIT betastore/controllers/bisineer_user.py: -1
[2014-10-25 10:52:33] EDIT betastore/controllers/bisineer_user.py: 0
[2014-10-25 10:52:34] EDIT betastore/controllers/bisineer_user.py: 0
[2014-10-25 10:53:24] EDIT betastore/controllers/bisineer_user.py: -1
[2014-10-25 10:56:16] EDIT betastore/controllers/bisineer_user.py: 0
[2014-10-25 10:56:44] EDIT betastore/controllers/bisineer_user.py: 0
[2014-10-25 10:57:28] EDIT betastore/controllers/bisineer_user.py: 0
[2014-10-25 10:59:00] EDIT betastore/controllers/bisineer_user.py: 0
[2014-10-25 13:17:28] EDIT betastore/controllers/bisineer_user.py: 0
[2014-10-25 14:30:32] EDIT betastore/controllers/bisineer_user.py: 1
[2014-10-25 14:32:12] EDIT betastore/controllers/bisineer_user.py: 0
[2014-10-25 14:32:19] EDIT betastore/controllers/bisineer_user.py: -1
[2014-10-25 14:32:37] EDIT betastore/controllers/bisineer_user.py: 1
[2014-10-25 14:32:47] EDIT betastore/controllers/bisineer_user.py: 0
[2014-10-25 14:32:49] EDIT betastore/controllers/bisineer_user.py: 0
[2014-10-25 14:32:56] EDIT betastore/controllers/bisineer_user.py: 0
[2014-10-25 14:33:29] EDIT betastore/controllers/bisineer_user.py: 0
[2014-10-25 14:33:32] EDIT betastore/controllers/bisineer_user.py: 0
[2014-10-25 14:33:39] EDIT betastore/controllers/bisineer_user.py: 0
[2014-10-25 14:33:54] EDIT betastore/controllers/bisineer_user.py: -1
[2014-10-25 14:34:51] EDIT betastore/controllers/bisineer_user.py: 1
[2014-10-25 14:34:59] EDIT betastore/controllers/bisineer_user.py: 0
[2014-10-25 14:35:23] EDIT betastore/controllers/bisineer_user.py: 0
[2014-10-25 14:35:29] EDIT betastore/controllers/bisineer_user.py: 0
[2014-10-25 14:35:46] EDIT betastore/controllers/bisineer_user.py: 0
[2014-10-25 14:35:54] EDIT betastore/controllers/bisineer_user.py: -1
[2014-10-25 14:36:00] EDIT betastore/controllers/bisineer_user.py: 0
[2014-10-25 14:36:04] EDIT betastore/controllers/bisineer_user.py: 1
[2014-10-25 14:36:11] EDIT betastore/controllers/bisineer_user.py: -1
[2014-10-25 14:36:13] EDIT betastore/controllers/bisineer_user.py: 0
[2014-10-25 14:36:14] EDIT betastore/controllers/bisineer_user.py: 0
[2014-10-25 14:36:14] EDIT betastore/controllers/bisineer_user.py: 0
[2014-10-25 14:36:14] EDIT betastore/controllers/bisineer_user.py: 0
[2014-10-25 14:36:20] EDIT betastore/controllers/bisineer_user.py: 0
[2014-10-25 14:36:28] EDIT betastore/controllers/bisineer_user.py: 0
[2014-10-25 14:36:30] EDIT betastore/controllers/bisineer_user.py: 0
[2014-10-25 14:36:39] EDIT betastore/controllers/bisineer_user.py: 1
[2014-10-25 14:36:44] EDIT betastore/controllers/bisineer_user.py: -1
[2014-10-25 14:36:54] EDIT betastore/controllers/bisineer_user.py: 1
[2014-10-25 14:37:03] EDIT betastore/controllers/bisineer_user.py: -1
[2014-10-25 14:37:54] EDIT betastore/controllers/bisineer_user.py: 1
[2014-10-25 14:38:01] EDIT betastore/controllers/bisineer_user.py: -1
[2014-10-25 14:38:23] EDIT betastore/controllers/bisineer_user.py: 1
[2014-10-25 14:38:46] EDIT betastore/controllers/bisineer_user.py: 1
[2014-10-25 14:39:11] EDIT betastore/controllers/bisineer_user.py: 0
[2014-10-25 14:39:50] EDIT betastore/controllers/bisineer_user.py: -1
[2014-10-25 14:41:33] EDIT betastore/models/db.py: 0
[2014-10-25 14:44:34] EDIT betastore/models/db.py: 0
[2014-10-25 14:52:31] EDIT betastore/controllers/bisineer_user.py: 1
[2014-10-25 14:54:00] EDIT betastore/controllers/bisineer_user.py: 1
[2014-10-25 14:55:33] EDIT betastore/controllers/bisineer_user.py: 3
[2014-10-25 14:55:47] EDIT betastore/controllers/bisineer_user.py: 0
[2014-10-25 14:57:53] EDIT betastore/controllers/bisineer_user.py: 0
[2014-10-25 14:59:39] EDIT betastore/models/db.py: 0
[2014-10-25 14:59:42] EDIT betastore/models/db.py: 0
[2014-10-25 15:01:12] EDIT betastore/models/db.py: 0
[2014-10-25 15:01:20] EDIT betastore/controllers/bisineer_user.py: 0
[2014-10-25 15:15:07] EDIT betastore/controllers/bisineer_user.py: 0
[2014-10-25 15:17:56] EDIT betastore/controllers/bisineer_user.py: 1
[2014-10-25 15:18:04] EDIT betastore/controllers/bisineer_user.py: 0
[2014-10-25 15:19:28] EDIT betastore/controllers/bisineer_user.py: 0
[2014-10-25 15:24:18] EDIT betastore/controllers/bisineer_user.py: 0
[2014-10-25 15:26:17] EDIT betastore/controllers/bisineer_user.py: 4
[2014-10-25 15:26:46] EDIT betastore/controllers/bisineer_user.py: 1
[2014-10-25 15:27:04] EDIT betastore/controllers/bisineer_user.py: -2
[2014-10-25 15:54:12] EDIT betastore/controllers/bisineer_user.py: 1
[2014-10-25 15:58:04] EDIT betastore/controllers/bisineer_user.py: 0
[2014-10-25 15:58:28] EDIT betastore/controllers/bisineer_user.py: 1
[2014-10-25 15:58:49] EDIT betastore/controllers/bisineer_user.py: 0
[2014-10-25 15:59:10] EDIT betastore/controllers/bisineer_user.py: 0
[2014-10-25 15:59:47] EDIT betastore/controllers/bisineer_user.py: 1
[2014-10-25 16:02:56] EDIT betastore/controllers/bisineer_user.py: 3
[2014-10-25 16:05:21] EDIT betastore/controllers/bisineer_user.py: 0
[2014-10-25 16:06:37] EDIT betastore/controllers/bisineer_user.py: 0
[2014-10-25 16:07:46] EDIT betastore/controllers/bisineer_user.py: 0
[2014-10-25 16:08:17] EDIT betastore/controllers/bisineer_user.py: 1
[2014-10-25 16:08:44] EDIT betastore/controllers/bisineer_user.py: -2
[2014-10-25 16:09:32] EDIT betastore/controllers/bisineer_user.py: 2
[2014-10-25 16:09:50] EDIT betastore/controllers/bisineer_user.py: 0
[2014-10-25 16:10:13] EDIT betastore/controllers/bisineer_user.py: 0
[2014-10-25 16:12:09] EDIT betastore/controllers/bisineer_user.py: 1
[2014-10-25 16:13:05] EDIT betastore/controllers/bisineer_user.py: 0
[2014-10-25 16:15:13] EDIT betastore/controllers/bisineer_user.py: 0
[2014-10-25 16:16:59] EDIT betastore/controllers/bisineer_user.py: 0
[2014-10-25 17:01:45] EDIT betastore/controllers/bisineer_user.py: 0
[2014-10-25 17:02:50] EDIT betastore/controllers/bisineer_user.py: -3
[2014-10-25 17:04:22] EDIT betastore/controllers/bisineer_user.py: 0
[2014-10-25 17:05:05] EDIT betastore/models/db.py: -1
[2014-10-25 17:13:15] EDIT betastore/models/db.py: 1
[2014-10-25 17:14:20] EDIT betastore/controllers/bisineer_user.py: 0
[2014-10-25 17:15:36] EDIT betastore/controllers/bisineer_user.py: 0
[2014-10-25 17:16:11] EDIT betastore/controllers/bisineer_user.py: 0
[2014-10-25 17:16:56] EDIT betastore/controllers/bisineer_user.py: 0
[2014-10-25 17:50:28] EDIT betastore/controllers/bisineer_user.py: -39
[2014-10-25 17:51:11] EDIT betastore/controllers/bisineer_user.py: 18
[2014-10-25 17:52:02] EDIT betastore/controllers/bisineer_user.py: 1
[2014-10-25 17:52:13] EDIT betastore/controllers/bisineer_user.py: 1
[2014-10-25 17:52:36] EDIT betastore/controllers/bisineer_user.py: 1
[2014-10-25 17:53:08] EDIT betastore/controllers/bisineer_user.py: 0
[2014-10-25 17:55:00] EDIT betastore/controllers/bisineer_user.py: 4
[2014-10-25 17:55:09] EDIT betastore/controllers/bisineer_user.py: 1
[2014-10-25 17:56:08] EDIT betastore/controllers/bisineer_user.py: 0
[2014-10-25 17:56:43] EDIT betastore/controllers/bisineer_user.py: 0
[2014-10-25 17:57:07] EDIT betastore/controllers/bisineer_user.py: 0
[2014-10-25 17:57:25] EDIT betastore/controllers/bisineer_user.py: 0
[2014-10-25 17:57:28] EDIT betastore/controllers/bisineer_user.py: 0
[2014-10-25 17:59:22] EDIT betastore/controllers/bisineer_user.py: 1
[2014-10-25 18:01:02] EDIT betastore/controllers/bisineer_user.py: 1
[2014-10-26 05:11:00] EDIT betastore/controllers/bisineer_user.py: -1
[2014-10-26 05:11:01] EDIT betastore/controllers/bisineer_user.py: 0
[2014-10-26 05:11:25] EDIT betastore/controllers/bisineer_user.py: -1
[2014-10-26 05:19:01] EDIT betastore/controllers/bisineer_user.py: 2
[2014-10-26 05:54:09] EDIT betastore/controllers/bisineer_user.py: 3
[2014-10-26 05:55:34] EDIT betastore/controllers/bisineer_user.py: 0
[2014-10-26 05:58:10] EDIT betastore/controllers/bisineer_user.py: 3
[2014-10-26 05:58:24] EDIT betastore/controllers/bisineer_user.py: 0
[2014-10-26 06:23:09] EDIT betastore/controllers/bisineer_user.py: 5
[2014-10-26 06:23:30] EDIT betastore/controllers/bisineer_user.py: 0
[2014-10-26 06:28:25] EDIT betastore/controllers/bisineer_user.py: 1
[2014-10-26 06:28:25] EDIT betastore/controllers/bisineer_user.py: 0
[2014-10-26 08:12:01] EDIT betastore/controllers/bisineer_user.py: 0
[2014-10-26 08:14:06] EDIT betastore/controllers/bisineer_user.py: 5
[2014-10-26 09:09:06] EDIT betastore/controllers/bisineer_user.py: 1
[2014-10-26 11:43:40] EDIT betastore/models/betastore_db.py: 0
[2014-10-26 11:47:20] EDIT betastore/models/betastore_db.py: 6
[2014-10-26 11:48:53] EDIT betastore/models/betastore_db.py: 6
[2014-10-26 12:12:56] EDIT betastore/models/betastore_db.py: 17
[2014-10-26 12:13:02] EDIT betastore/models/betastore_db.py: 0
[2014-10-26 12:43:01] EDIT betastore/models/db.py: 29
[2014-10-26 12:43:15] EDIT betastore/models/betastore_db.py: -29
[2014-10-26 12:57:28] EDIT betastore/models/db.py: 0
[2014-10-26 14:58:19] EDIT betastore/models/db.py: -4
[2014-10-26 14:58:26] EDIT betastore/models/db.py: 0
[2014-10-26 14:58:43] EDIT betastore/models/db.py: 0
[2014-10-26 14:59:57] EDIT betastore/models/db.py: 4
[2014-10-26 14:59:57] EDIT betastore/models/db.py: 0
[2014-10-26 15:00:54] EDIT betastore/models/db.py: -29
[2014-10-26 15:01:14] EDIT betastore/models/betastore_db.py: 29
[2014-10-26 15:01:44] EDIT betastore/models/betastore_db.py: 0
[2014-10-26 15:09:50] EDIT betastore/models/db.py: -5
[2014-10-26 15:10:01] EDIT betastore/models/db.py: 5
[2014-10-26 15:11:55] CREATE db1.py: 0
[2014-10-26 15:12:25] EDIT betastore/models/db1.py: 29
[2014-10-26 15:12:45] DELETE betastore/models/betastore_db.py: -29
[2014-10-26 15:13:42] EDIT betastore/models/db1.py: 0
[2014-10-27 18:19:37] EDIT betastore/controllers/bisineer_user.py: 1
[2014-10-27 18:20:17] EDIT betastore/controllers/bisineer_user.py: 1
[2014-10-27 18:21:06] EDIT betastore/controllers/bisineer_user.py: 0
[2014-10-27 18:21:06] EDIT betastore/controllers/bisineer_user.py: 0
[2014-10-27 18:23:25] EDIT betastore/controllers/bisineer_user.py: 5
[2014-10-27 18:28:49] EDIT betastore/controllers/bisineer_user.py: 0
[2014-10-27 18:38:24] EDIT betastore/controllers/bisineer_user.py: 1
[2014-10-27 18:38:44] EDIT betastore/controllers/bisineer_user.py: -3
[2014-10-27 18:38:55] EDIT betastore/controllers/bisineer_user.py: -1
[2014-10-27 18:39:31] EDIT betastore/controllers/bisineer_user.py: 0
[2014-10-27 18:41:54] EDIT betastore/controllers/bisineer_user.py: 0
[2014-10-27 19:01:58] EDIT betastore/controllers/bisineer_user.py: 4
[2014-10-27 19:02:11] EDIT betastore/controllers/bisineer_user.py: -4
[2014-10-27 19:03:03] EDIT betastore/controllers/bisineer_user.py: 4
[2014-10-27 19:03:14] EDIT betastore/controllers/bisineer_user.py: 0
[2014-10-27 19:05:11] EDIT betastore/controllers/bisineer_user.py: 0
[2014-10-27 19:06:59] EDIT betastore/controllers/bisineer_user.py: 0
[2014-10-27 19:07:04] EDIT betastore/controllers/bisineer_user.py: 0
[2014-10-27 19:20:28] EDIT betastore/controllers/bisineer_user.py: 2
[2014-10-27 19:24:50] EDIT betastore/controllers/bisineer_user.py: -2
[2014-10-27 19:24:55] EDIT betastore/controllers/bisineer_user.py: 0
[2014-10-27 19:54:02] EDIT betastore/controllers/bisineer_user.py: 1
[2014-10-27 19:56:58] EDIT betastore/models/db1.py: 4
[2014-10-27 19:56:58] EDIT betastore/models/db1.py: 0
[2014-10-27 19:56:59] EDIT betastore/models/db1.py: 0
[2014-10-27 19:57:19] EDIT betastore/models/db1.py: 1
[2014-10-27 19:57:31] EDIT betastore/models/db1.py: -1
[2014-10-27 19:57:54] EDIT betastore/models/db1.py: 0
[2014-10-27 19:57:55] EDIT betastore/models/db1.py: 0
[2014-10-27 19:57:56] EDIT betastore/models/db1.py: 0
[2014-10-27 19:57:56] EDIT betastore/models/db1.py: 0
[2014-10-31 17:45:57] EDIT betastore/models/db1.py: 7
[2014-10-31 17:47:38] EDIT betastore/models/db1.py: 0
[2014-10-31 17:48:02] EDIT betastore/models/db1.py: 1
[2014-10-31 17:48:20] EDIT betastore/models/db1.py: -1
[2014-10-31 17:50:10] EDIT betastore/models/db1.py: 0
[2014-10-31 17:50:21] EDIT betastore/models/db1.py: 0
[2014-10-31 18:10:09] EDIT betastore/models/db1.py: 0
[2014-10-31 18:10:45] EDIT betastore/models/db1.py: 0
[2014-10-31 18:13:20] EDIT betastore/models/db1.py: 0
[2014-10-31 18:25:31] EDIT betastore/controllers/bisineer_user.py: 0
[2014-10-31 18:26:40] EDIT betastore/controllers/bisineer_user.py: 0
[2014-10-31 18:28:12] EDIT betastore/controllers/bisineer_user.py: 0
[2014-10-31 18:29:19] EDIT betastore/controllers/bisineer_user.py: 0
[2014-10-31 18:29:20] EDIT betastore/controllers/bisineer_user.py: 0
[2014-10-31 18:31:04] EDIT betastore/controllers/bisineer_user.py: 0
[2014-10-31 18:43:57] EDIT betastore/controllers/bisineer_user.py: 5
[2014-10-31 18:47:23] EDIT betastore/controllers/bisineer_user.py: -1
[2014-10-31 18:47:40] EDIT betastore/controllers/bisineer_user.py: 0
[2014-10-31 18:47:40] EDIT betastore/controllers/bisineer_user.py: 0
[2014-10-31 18:47:41] EDIT betastore/controllers/bisineer_user.py: 0
[2014-10-31 18:49:01] EDIT betastore/controllers/bisineer_user.py: 0
[2014-10-31 18:57:14] EDIT betastore/controllers/bisineer_user.py: 4
[2014-10-31 18:57:30] EDIT betastore/controllers/bisineer_user.py: 0
[2014-10-31 18:57:41] EDIT betastore/controllers/bisineer_user.py: 0
[2014-10-31 18:57:51] EDIT betastore/controllers/bisineer_user.py: 0
[2014-10-31 18:58:02] EDIT betastore/controllers/bisineer_user.py: 0
[2014-10-31 18:58:18] EDIT betastore/controllers/bisineer_user.py: 0
[2014-10-31 18:58:55] EDIT betastore/controllers/bisineer_user.py: 0
[2014-10-31 18:58:55] EDIT betastore/controllers/bisineer_user.py: 0
[2014-10-31 18:59:08] EDIT betastore/controllers/bisineer_user.py: 1
[2014-10-31 18:59:41] EDIT betastore/controllers/bisineer_user.py: 0
[2014-10-31 19:00:48] EDIT betastore/controllers/bisineer_user.py: 0
